Build started 10/8/2015 12:10:09 AM.
     1>Project "C:\Users\Robert\Documents\Visual Studio 2013\Projects\KSPGuage\KSPSerial\KSPSerial.vcxproj" on node 3 (Rebuild target(s)).
     1>ClCompile:
         C:\Program Files (x86)\Microsoft Visual Studio 14.0\VC\bin\CL.exe /c /Zi /nologo /W3 /WX- /O2 /Oi /Oy- /GL /D WIN32 /D DECLSPEC_EXPORTING /D NDEBUG /D _WINDOWS /D _USRDLL /D KSPSERIALCPP_EXPORTS /D _WINDLL /D _UNICODE /D UNICODE /Gm- /EHsc /MD /GS /Gy /fp:precise /Zc:wchar_t /Zc:forScope /Zc:inline /Fo"Release\\" /Fd"Release\vc140.pdb" /Gd /TP /analyze- /errorReport:prompt Serial.cpp KSPSerial.cpp
         Serial.cpp
         KSPSerial.cpp
       Link:
         C:\Program Files (x86)\Microsoft Visual Studio 14.0\VC\bin\link.exe /ERRORREPORT:PROMPT /OUT:"C:\Users\Robert\Documents\Visual Studio 2013\Projects\KSPGuage\Release\KSPSerial.dll" /INCREMENTAL:NO /NOLOGO kernel32.lib user32.lib gdi32.lib winspool.lib comdlg32.lib advapi32.lib shell32.lib ole32.lib oleaut32.lib uuid.lib odbc32.lib odbccp32.lib /MANIFEST /MANIFESTUAC:"level='asInvoker' uiAccess='false'" /manifest:embed /Debug /PDB:"C:\Users\Robert\Documents\Visual Studio 2013\Projects\KSPGuage\Release\KSPSerial.pdb" /SUBSYSTEM:WINDOWS /OPT:REF /OPT:ICF /LTCG:incremental /TLBID:1 /DYNAMICBASE /NXCOMPAT /IMPLIB:"C:\Users\Robert\Documents\Visual Studio 2013\Projects\KSPGuage\Release\KSPSerial.lib" /MACHINE:X86 /SAFESEH /DLL Release\Serial.obj
         Release\KSPSerial.obj
            Creating library C:\Users\Robert\Documents\Visual Studio 2013\Projects\KSPGuage\Release\KSPSerial.lib and object C:\Users\Robert\Documents\Visual Studio 2013\Projects\KSPGuage\Release\KSPSerial.exp
         Generating code
         All 8 functions were compiled because no usable IPDB/IOBJ from previous compilation was found.
         Finished generating code
         KSPSerial.vcxproj -> C:\Users\Robert\Documents\Visual Studio 2013\Projects\KSPGuage\Release\KSPSerial.dll
       PostBuildEvent:
         xcopy "C:\Users\Robert\Documents\Visual Studio 2013\Projects\KSPGuage\Release\KSPSerial.dll" "C:\Program Files (x86)\Steam\SteamApps\common\Kerbal Space Program\" /Y /R
         :VCEnd
         C:\Users\Robert\Documents\Visual Studio 2013\Projects\KSPGuage\Release\KSPSerial.dll
         1 File(s) copied
     1>Done Building Project "C:\Users\Robert\Documents\Visual Studio 2013\Projects\KSPGuage\KSPSerial\KSPSerial.vcxproj" (Rebuild target(s)).

Build succeeded.

Time Elapsed 00:00:01.61
