Build started 12/5/2015 11:50:10 PM.
     1>Project "C:\Users\Robert\documents\visual studio 2015\Projects\TIDE\CSerial\CSerial.vcxproj" on node 2 (Rebuild target(s)).
     1>ClCompile:
         C:\Program Files (x86)\Microsoft Visual Studio 14.0\VC\bin\CL.exe /c /Zi /nologo /W3 /WX- /sdl /O2 /Oi /Oy- /GL /D _WINDLL /D _MBCS /Gm- /EHsc /MD /GS /Gy /fp:precise /Zc:wchar_t /Zc:forScope /Zc:inline /Fo"Release\\" /Fd"Release\vc140.pdb" /Gd /TP /analyze- /errorReport:prompt CSerial.cpp Serial.cpp
         CSerial.cpp
     1>CSerial.cpp(10): warning C4273: 'CSerial::Init': inconsistent dll linkage
         c:\users\robert\documents\visual studio 2015\projects\tide\cserial\CSerial.h(13): note: see previous definition of 'Init'
     1>CSerial.cpp(16): warning C4273: 'CSerial::Write': inconsistent dll linkage
         c:\users\robert\documents\visual studio 2015\projects\tide\cserial\CSerial.h(14): note: see previous definition of 'Write'
     1>CSerial.cpp(24): warning C4273: 'CSerial::ReadData': inconsistent dll linkage
         c:\users\robert\documents\visual studio 2015\projects\tide\cserial\CSerial.h(15): note: see previous definition of 'ReadData'
     1>CSerial.cpp(30): warning C4273: 'CSerial::ToggleDtr': inconsistent dll linkage
         c:\users\robert\documents\visual studio 2015\projects\tide\cserial\CSerial.h(16): note: see previous definition of 'ToggleDtr'
     1>CSerial.cpp(36): warning C4273: 'CSerial::Close': inconsistent dll linkage
         c:\users\robert\documents\visual studio 2015\projects\tide\cserial\CSerial.h(17): note: see previous definition of 'Close'
     1>CSerial.cpp(42): warning C4273: 'CSerial::IsConnected': inconsistent dll linkage
         c:\users\robert\documents\visual studio 2015\projects\tide\cserial\CSerial.h(18): note: see previous definition of 'IsConnected'
         Serial.cpp
       Link:
         C:\Program Files (x86)\Microsoft Visual Studio 14.0\VC\bin\link.exe /ERRORREPORT:PROMPT /OUT:"C:\Users\Robert\documents\visual studio 2015\Projects\TIDE\Release\CSerial.dll" /NOLOGO kernel32.lib user32.lib gdi32.lib winspool.lib comdlg32.lib advapi32.lib shell32.lib ole32.lib oleaut32.lib uuid.lib odbc32.lib odbccp32.lib /MANIFEST /MANIFESTUAC:"level='asInvoker' uiAccess='false'" /manifest:embed /Debug /PDB:"C:\Users\Robert\documents\visual studio 2015\Projects\TIDE\Release\CSerial.pdb" /OPT:REF /OPT:ICF /LTCG:incremental /TLBID:1 /DYNAMICBASE /NXCOMPAT /IMPLIB:"C:\Users\Robert\documents\visual studio 2015\Projects\TIDE\Release\CSerial.lib" /MACHINE:X86 /SAFESEH /DLL Release\CSerial.obj
         Release\Serial.obj
            Creating library C:\Users\Robert\documents\visual studio 2015\Projects\TIDE\Release\CSerial.lib and object C:\Users\Robert\documents\visual studio 2015\Projects\TIDE\Release\CSerial.exp
         Generating code
     1>c:\users\robert\documents\visual studio 2015\projects\tide\cserial\cserial.cpp(27): warning C4715: 'ReadData': not all control paths return a value
         All 13 functions were compiled because no usable IPDB/IOBJ from previous compilation was found.
         Finished generating code
         CSerial.vcxproj -> C:\Users\Robert\documents\visual studio 2015\Projects\TIDE\Release\CSerial.dll
     1>Done Building Project "C:\Users\Robert\documents\visual studio 2015\Projects\TIDE\CSerial\CSerial.vcxproj" (Rebuild target(s)).

Build succeeded.

Time Elapsed 00:00:02.61
