Build started 5/27/2015 6:41:02 PM.
     1>Project "C:\Users\Robert\Desktop\libtommath-0.42.0\libtommath_VS2008.vcxproj" on node 2 (Rebuild target(s)).
     1>ClCompile:
         C:\Program Files (x86)\Microsoft Visual Studio 12.0\VC\bin\CL.exe /c /I. /ZI /nologo /W3 /WX- /Od /Oy- /D WIN32 /D _DEBUG /D _LIB /D _VC80_UPGRADE=0x0600 /D _MBCS /Gm /EHsc /RTC1 /MTd /GS /fp:precise /Zc:wchar_t /Zc:forScope /Fo".\Debug/" /Fd".\Debug/vc120.pdb" /Gd /TC /analyze- /errorReport:prompt bncore.c bn_error.c bn_fast_mp_invmod.c bn_fast_mp_montgomery_reduce.c bn_fast_s_mp_mul_digs.c bn_fast_s_mp_mul_high_digs.c bn_fast_s_mp_sqr.c bn_mp_2expt.c bn_mp_abs.c bn_mp_add.c bn_mp_addmod.c bn_mp_add_d.c bn_mp_and.c bn_mp_clamp.c bn_mp_clear.c bn_mp_clear_multi.c bn_mp_cmp.c bn_mp_cmp_d.c bn_mp_cmp_mag.c bn_mp_cnt_lsb.c bn_mp_copy.c bn_mp_count_bits.c bn_mp_div.c bn_mp_div_2.c bn_mp_div_2d.c bn_mp_div_3.c bn_mp_div_d.c bn_mp_dr_is_modulus.c bn_mp_dr_reduce.c bn_mp_dr_setup.c bn_mp_exch.c bn_mp_exptmod.c bn_mp_exptmod_fast.c bn_mp_expt_d.c bn_mp_exteuclid.c bn_mp_fread.c bn_mp_fwrite.c bn_mp_gcd.c bn_mp_get_int.c bn_mp_grow.c bn_mp_init.c bn_mp_init_copy.c bn_mp_init_multi.c bn_mp_init_set.c bn_mp_init_set_int.c bn_mp_init_size.c bn_mp_invmod.c bn_mp_invmod_slow.c bn_mp_is_square.c bn_mp_jacobi.c bn_mp_karatsuba_mul.c bn_mp_karatsuba_sqr.c bn_mp_lcm.c bn_mp_lshd.c bn_mp_mod.c bn_mp_mod_2d.c bn_mp_mod_d.c bn_mp_montgomery_calc_normalization.c bn_mp_montgomery_reduce.c bn_mp_montgomery_setup.c bn_mp_mul.c bn_mp_mulmod.c bn_mp_mul_2.c bn_mp_mul_2d.c bn_mp_mul_d.c bn_mp_neg.c bn_mp_n_root.c bn_mp_or.c bn_mp_prime_fermat.c bn_mp_prime_is_divisible.c bn_mp_prime_is_prime.c bn_mp_prime_miller_rabin.c bn_mp_prime_next_prime.c bn_mp_prime_rabin_miller_trials.c bn_mp_prime_random_ex.c bn_mp_radix_size.c bn_mp_radix_smap.c bn_mp_rand.c bn_mp_read_radix.c bn_mp_read_signed_bin.c bn_mp_read_unsigned_bin.c bn_mp_reduce.c bn_mp_reduce_2k.c bn_mp_reduce_2k_l.c bn_mp_reduce_2k_setup.c bn_mp_reduce_2k_setup_l.c bn_mp_reduce_is_2k.c bn_mp_reduce_is_2k_l.c bn_mp_reduce_setup.c bn_mp_rshd.c bn_mp_set.c bn_mp_set_int.c bn_mp_shrink.c bn_mp_signed_bin_size.c bn_mp_sqr.c bn_mp_sqrmod.c bn_mp_sqrt.c bn_mp_sub.c bn_mp_submod.c bn_mp_sub_d.c bn_mp_toom_mul.c bn_mp_toom_sqr.c bn_mp_toradix.c bn_mp_toradix_n.c bn_mp_to_signed_bin.c bn_mp_to_signed_bin_n.c bn_mp_to_unsigned_bin.c bn_mp_to_unsigned_bin_n.c bn_mp_unsigned_bin_size.c bn_mp_xor.c bn_mp_zero.c bn_prime_tab.c bn_reverse.c bn_s_mp_add.c bn_s_mp_exptmod.c bn_s_mp_mul_digs.c bn_s_mp_mul_high_digs.c bn_s_mp_sqr.c bn_s_mp_sub.c
         bn_s_mp_sub.c
         bn_s_mp_sqr.c
         bn_s_mp_mul_high_digs.c
         bn_s_mp_mul_digs.c
         bn_s_mp_exptmod.c
         bn_s_mp_add.c
         bn_reverse.c
         bn_prime_tab.c
         bn_mp_zero.c
         bn_mp_xor.c
         bn_mp_unsigned_bin_size.c
         bn_mp_to_unsigned_bin_n.c
         bn_mp_to_unsigned_bin.c
         bn_mp_to_signed_bin_n.c
         bn_mp_to_signed_bin.c
         bn_mp_toradix_n.c
         bn_mp_toradix.c
         bn_mp_toom_sqr.c
         bn_mp_toom_mul.c
         bn_mp_sub_d.c
         Generating Code...
         Compiling...
         bn_mp_submod.c
         bn_mp_sub.c
         bn_mp_sqrt.c
         bn_mp_sqrmod.c
         bn_mp_sqr.c
         bn_mp_signed_bin_size.c
         bn_mp_shrink.c
         bn_mp_set_int.c
         bn_mp_set.c
         bn_mp_rshd.c
         bn_mp_reduce_setup.c
         bn_mp_reduce_is_2k_l.c
         bn_mp_reduce_is_2k.c
         bn_mp_reduce_2k_setup_l.c
         bn_mp_reduce_2k_setup.c
         bn_mp_reduce_2k_l.c
         bn_mp_reduce_2k.c
         bn_mp_reduce.c
         bn_mp_read_unsigned_bin.c
         bn_mp_read_signed_bin.c
         Generating Code...
         Compiling...
         bn_mp_read_radix.c
         bn_mp_rand.c
         bn_mp_radix_smap.c
         bn_mp_radix_size.c
         bn_mp_prime_random_ex.c
         bn_mp_prime_rabin_miller_trials.c
         bn_mp_prime_next_prime.c
         bn_mp_prime_miller_rabin.c
         bn_mp_prime_is_prime.c
         bn_mp_prime_is_divisible.c
         bn_mp_prime_fermat.c
         bn_mp_or.c
         bn_mp_n_root.c
         bn_mp_neg.c
         bn_mp_mul_d.c
         bn_mp_mul_2d.c
         bn_mp_mul_2.c
         bn_mp_mulmod.c
         bn_mp_mul.c
         bn_mp_montgomery_setup.c
         Generating Code...
         Compiling...
         bn_mp_montgomery_reduce.c
         bn_mp_montgomery_calc_normalization.c
         bn_mp_mod_d.c
         bn_mp_mod_2d.c
         bn_mp_mod.c
         bn_mp_lshd.c
         bn_mp_lcm.c
         bn_mp_karatsuba_sqr.c
         bn_mp_karatsuba_mul.c
         bn_mp_jacobi.c
         bn_mp_is_square.c
         bn_mp_invmod_slow.c
         bn_mp_invmod.c
         bn_mp_init_size.c
         bn_mp_init_set_int.c
         bn_mp_init_set.c
         bn_mp_init_multi.c
         bn_mp_init_copy.c
         bn_mp_init.c
         bn_mp_grow.c
         Generating Code...
         Compiling...
         bn_mp_get_int.c
         bn_mp_gcd.c
         bn_mp_fwrite.c
         bn_mp_fread.c
         bn_mp_exteuclid.c
         bn_mp_expt_d.c
         bn_mp_exptmod_fast.c
         bn_mp_exptmod.c
         bn_mp_exch.c
         bn_mp_dr_setup.c
         bn_mp_dr_reduce.c
         bn_mp_dr_is_modulus.c
         bn_mp_div_d.c
         bn_mp_div_3.c
         bn_mp_div_2d.c
         bn_mp_div_2.c
         bn_mp_div.c
         bn_mp_count_bits.c
         bn_mp_copy.c
         bn_mp_cnt_lsb.c
         Generating Code...
         Compiling...
         bn_mp_cmp_mag.c
         bn_mp_cmp_d.c
         bn_mp_cmp.c
         bn_mp_clear_multi.c
         bn_mp_clear.c
         bn_mp_clamp.c
         bn_mp_and.c
         bn_mp_add_d.c
         bn_mp_addmod.c
         bn_mp_add.c
         bn_mp_abs.c
         bn_mp_2expt.c
         bn_fast_s_mp_sqr.c
         bn_fast_s_mp_mul_high_digs.c
         bn_fast_s_mp_mul_digs.c
         bn_fast_mp_montgomery_reduce.c
         bn_fast_mp_invmod.c
         bn_error.c
         bncore.c
         Generating Code...
     1>C:\Program Files (x86)\MSBuild\Microsoft.Cpp\v4.0\V120\Microsoft.CppBuild.targets(1361,5): warning MSB8012: TargetPath(C:\Users\Robert\Desktop\libtommath-0.42.0\.\Debug\libtommath.lib) does not match the Library's OutputFile property value (C:\Users\Robert\Desktop\libtommath-0.42.0\Debug\tommath.lib). This may cause your project to build incorrectly. To correct this, please make sure that $(OutDir), $(TargetName) and $(TargetExt) property values match the value specified in %(Lib.OutputFile).
     1>C:\Program Files (x86)\MSBuild\Microsoft.Cpp\v4.0\V120\Microsoft.CppBuild.targets(1363,5): warning MSB8012: TargetName(libtommath) does not match the Library's OutputFile property value (tommath). This may cause your project to build incorrectly. To correct this, please make sure that $(OutDir), $(TargetName) and $(TargetExt) property values match the value specified in %(Lib.OutputFile).
       Lib:
         C:\Program Files (x86)\Microsoft Visual Studio 12.0\VC\bin\Lib.exe /OUT:"Debug\tommath.lib" /NOLOGO .\Debug/bncore.obj
         .\Debug/bn_error.obj
         .\Debug/bn_fast_mp_invmod.obj
         .\Debug/bn_fast_mp_montgomery_reduce.obj
         .\Debug/bn_fast_s_mp_mul_digs.obj
         .\Debug/bn_fast_s_mp_mul_high_digs.obj
         .\Debug/bn_fast_s_mp_sqr.obj
         .\Debug/bn_mp_2expt.obj
         .\Debug/bn_mp_abs.obj
         .\Debug/bn_mp_add.obj
         .\Debug/bn_mp_addmod.obj
         .\Debug/bn_mp_add_d.obj
         .\Debug/bn_mp_and.obj
         .\Debug/bn_mp_clamp.obj
         .\Debug/bn_mp_clear.obj
         .\Debug/bn_mp_clear_multi.obj
         .\Debug/bn_mp_cmp.obj
         .\Debug/bn_mp_cmp_d.obj
         .\Debug/bn_mp_cmp_mag.obj
         .\Debug/bn_mp_cnt_lsb.obj
         .\Debug/bn_mp_copy.obj
         .\Debug/bn_mp_count_bits.obj
         .\Debug/bn_mp_div.obj
         .\Debug/bn_mp_div_2.obj
         .\Debug/bn_mp_div_2d.obj
         .\Debug/bn_mp_div_3.obj
         .\Debug/bn_mp_div_d.obj
         .\Debug/bn_mp_dr_is_modulus.obj
         .\Debug/bn_mp_dr_reduce.obj
         .\Debug/bn_mp_dr_setup.obj
         .\Debug/bn_mp_exch.obj
         .\Debug/bn_mp_exptmod.obj
         .\Debug/bn_mp_exptmod_fast.obj
         .\Debug/bn_mp_expt_d.obj
         .\Debug/bn_mp_exteuclid.obj
         .\Debug/bn_mp_fread.obj
         .\Debug/bn_mp_fwrite.obj
         .\Debug/bn_mp_gcd.obj
         .\Debug/bn_mp_get_int.obj
         .\Debug/bn_mp_grow.obj
         .\Debug/bn_mp_init.obj
         .\Debug/bn_mp_init_copy.obj
         .\Debug/bn_mp_init_multi.obj
         .\Debug/bn_mp_init_set.obj
         .\Debug/bn_mp_init_set_int.obj
         .\Debug/bn_mp_init_size.obj
         .\Debug/bn_mp_invmod.obj
         .\Debug/bn_mp_invmod_slow.obj
         .\Debug/bn_mp_is_square.obj
         .\Debug/bn_mp_jacobi.obj
         .\Debug/bn_mp_karatsuba_mul.obj
         .\Debug/bn_mp_karatsuba_sqr.obj
         .\Debug/bn_mp_lcm.obj
         .\Debug/bn_mp_lshd.obj
         .\Debug/bn_mp_mod.obj
         .\Debug/bn_mp_mod_2d.obj
         .\Debug/bn_mp_mod_d.obj
         .\Debug/bn_mp_montgomery_calc_normalization.obj
         .\Debug/bn_mp_montgomery_reduce.obj
         .\Debug/bn_mp_montgomery_setup.obj
         .\Debug/bn_mp_mul.obj
         .\Debug/bn_mp_mulmod.obj
         .\Debug/bn_mp_mul_2.obj
         .\Debug/bn_mp_mul_2d.obj
         .\Debug/bn_mp_mul_d.obj
         .\Debug/bn_mp_neg.obj
         .\Debug/bn_mp_n_root.obj
         .\Debug/bn_mp_or.obj
         .\Debug/bn_mp_prime_fermat.obj
         .\Debug/bn_mp_prime_is_divisible.obj
         .\Debug/bn_mp_prime_is_prime.obj
         .\Debug/bn_mp_prime_miller_rabin.obj
         .\Debug/bn_mp_prime_next_prime.obj
         .\Debug/bn_mp_prime_rabin_miller_trials.obj
         .\Debug/bn_mp_prime_random_ex.obj
         .\Debug/bn_mp_radix_size.obj
         .\Debug/bn_mp_radix_smap.obj
         .\Debug/bn_mp_rand.obj
         .\Debug/bn_mp_read_radix.obj
         .\Debug/bn_mp_read_signed_bin.obj
         .\Debug/bn_mp_read_unsigned_bin.obj
         .\Debug/bn_mp_reduce.obj
         .\Debug/bn_mp_reduce_2k.obj
         .\Debug/bn_mp_reduce_2k_l.obj
         .\Debug/bn_mp_reduce_2k_setup.obj
         .\Debug/bn_mp_reduce_2k_setup_l.obj
         .\Debug/bn_mp_reduce_is_2k.obj
         .\Debug/bn_mp_reduce_is_2k_l.obj
         .\Debug/bn_mp_reduce_setup.obj
         .\Debug/bn_mp_rshd.obj
         .\Debug/bn_mp_set.obj
         .\Debug/bn_mp_set_int.obj
         .\Debug/bn_mp_shrink.obj
         .\Debug/bn_mp_signed_bin_size.obj
         .\Debug/bn_mp_sqr.obj
         .\Debug/bn_mp_sqrmod.obj
         .\Debug/bn_mp_sqrt.obj
         .\Debug/bn_mp_sub.obj
         .\Debug/bn_mp_submod.obj
         .\Debug/bn_mp_sub_d.obj
         .\Debug/bn_mp_toom_mul.obj
         .\Debug/bn_mp_toom_sqr.obj
         .\Debug/bn_mp_toradix.obj
         .\Debug/bn_mp_toradix_n.obj
         .\Debug/bn_mp_to_signed_bin.obj
         .\Debug/bn_mp_to_signed_bin_n.obj
         .\Debug/bn_mp_to_unsigned_bin.obj
         .\Debug/bn_mp_to_unsigned_bin_n.obj
         .\Debug/bn_mp_unsigned_bin_size.obj
         .\Debug/bn_mp_xor.obj
         .\Debug/bn_mp_zero.obj
         .\Debug/bn_prime_tab.obj
         .\Debug/bn_reverse.obj
         .\Debug/bn_s_mp_add.obj
         .\Debug/bn_s_mp_exptmod.obj
         .\Debug/bn_s_mp_mul_digs.obj
         .\Debug/bn_s_mp_mul_high_digs.obj
         .\Debug/bn_s_mp_sqr.obj
         .\Debug/bn_s_mp_sub.obj
         libtommath_VS2008.vcxproj -> C:\Users\Robert\Desktop\libtommath-0.42.0\.\Debug\libtommath.lib
     1>Done Building Project "C:\Users\Robert\Desktop\libtommath-0.42.0\libtommath_VS2008.vcxproj" (Rebuild target(s)).

Build succeeded.

Time Elapsed 00:00:02.76
